build/app/intermediates/manifest_merge_blame_file/debug/manifest-merger-blame-debug-report.txt
1<?xml version="1.0" encoding="utf-8"?>
2<manifest xmlns:android="http://schemas.android.com/apk/res/android"
3    package="com.example.thejointapp"
4    android:versionCode="1"
5    android:versionName="1.0.0" >
6
7    <uses-sdk
8        android:minSdkVersion="21"
9        android:targetSdkVersion="28" />
10    <!--
11         Flutter needs it to communicate with the running application
12         to allow setting breakpoints, to provide hot reload, etc.
13    -->
14    <uses-permission android:name="android.permission.INTERNET" />
14-->src/debug/AndroidManifest.xml:6:5-66
14-->src/debug/AndroidManifest.xml:6:22-64
15    <uses-permission android:name="android.permission.READ_EXTERNAL_STORAGE" />
15-->[:image_picker] AndroidManifest.xml:7:5-80
15-->[:image_picker] AndroidManifest.xml:7:22-77
16    <uses-permission android:name="android.permission.WRITE_EXTERNAL_STORAGE" /> <!-- Although the *SdkVersion is captured in gradle build files, this is required for non gradle builds -->
16-->[:image_picker] AndroidManifest.xml:8:5-81
16-->[:image_picker] AndroidManifest.xml:8:22-78
17    <!-- <uses-sdk android:minSdkVersion="14"/> -->
18    <uses-permission android:name="android.permission.ACCESS_NETWORK_STATE" />
18-->[com.google.firebase:firebase-storage:17.0.0] AndroidManifest.xml:26:5-79
18-->[com.google.firebase:firebase-storage:17.0.0] AndroidManifest.xml:26:22-76
19    <!--
20 io.flutter.app.FlutterApplication is an android.app.Application that
21         calls FlutterMain.startInitialization(this); in its onCreate method.
22         In most cases you can leave this as-is, but you if you want to provide
23         additional functionality it is fine to subclass or reimplement
24         FlutterApplication and put your custom class here.
25    -->
26    <application
26-->src/main/AndroidManifest.xml:8:5-51:19
27        android:name="io.flutter.app.FlutterApplication"
27-->src/main/AndroidManifest.xml:9:9-57
28        android:appComponentFactory="androidx.core.app.CoreComponentFactory"
28-->[androidx.core:core:1.1.0] AndroidManifest.xml:24:18-86
29        android:debuggable="true"
30        android:icon="@mipmap/ic_launcher"
30-->src/main/AndroidManifest.xml:11:9-43
31        android:label="thejointapp" >
31-->src/main/AndroidManifest.xml:10:9-36
32        <activity
32-->src/main/AndroidManifest.xml:12:9-40:20
33            android:name="com.example.thejointapp.MainActivity"
33-->src/main/AndroidManifest.xml:13:13-41
34            android:configChanges="orientation|keyboardHidden|keyboard|screenSize|smallestScreenSize|locale|layoutDirection|fontScale|screenLayout|density|uiMode"
34-->src/main/AndroidManifest.xml:16:13-163
35            android:hardwareAccelerated="true"
35-->src/main/AndroidManifest.xml:17:13-47
36            android:launchMode="singleTop"
36-->src/main/AndroidManifest.xml:14:13-43
37            android:theme="@style/LaunchTheme"
37-->src/main/AndroidManifest.xml:15:13-47
38            android:windowSoftInputMode="adjustResize" >
38-->src/main/AndroidManifest.xml:18:13-55
39
40            <!--
41                 Specifies an Android theme to apply to this Activity as soon as
42                 the Android process has started. This theme is visible to the user
43                 while the Flutter UI initializes. After that, this theme continues
44                 to determine the Window background behind the Flutter UI.
45            -->
46            <meta-data
46-->src/main/AndroidManifest.xml:23:13-26:17
47                android:name="io.flutter.embedding.android.NormalTheme"
47-->src/main/AndroidManifest.xml:24:15-70
48                android:resource="@style/NormalTheme" />
48-->src/main/AndroidManifest.xml:25:15-52
49            <!--
50                 Displays an Android View that continues showing the launch screen
51                 Drawable until Flutter paints its first frame, then this splash
52                 screen fades out. A splash screen is useful to avoid any visual
53                 gap between the end of Android's launch screen and the painting of
54                 Flutter's first frame.
55            -->
56            <meta-data
56-->src/main/AndroidManifest.xml:32:13-35:17
57                android:name="io.flutter.embedding.android.SplashScreenDrawable"
57-->src/main/AndroidManifest.xml:33:15-79
58                android:resource="@drawable/launch_background" />
58-->src/main/AndroidManifest.xml:34:15-61
59
60            <intent-filter>
60-->src/main/AndroidManifest.xml:36:13-39:29
61                <action android:name="android.intent.action.MAIN" />
61-->src/main/AndroidManifest.xml:37:17-68
61-->src/main/AndroidManifest.xml:37:25-66
62
63                <category android:name="android.intent.category.LAUNCHER" />
63-->src/main/AndroidManifest.xml:38:17-76
63-->src/main/AndroidManifest.xml:38:27-74
64            </intent-filter>
65        </activity>
66        <activity
66-->src/main/AndroidManifest.xml:42:9-45:63
67            android:name="com.yalantis.ucrop.UCropActivity"
67-->src/main/AndroidManifest.xml:43:5-52
68            android:screenOrientation="portrait"
68-->src/main/AndroidManifest.xml:44:5-41
69            android:theme="@style/Theme.AppCompat.Light.NoActionBar" />
69-->src/main/AndroidManifest.xml:45:5-61
70        <!--
71             Don't delete the meta-data below.
72             This is used by the Flutter tool to generate GeneratedPluginRegistrant.java
73        -->
74        <meta-data
74-->src/main/AndroidManifest.xml:48:9-50:33
75            android:name="flutterEmbedding"
75-->src/main/AndroidManifest.xml:49:13-44
76            android:value="2" />
76-->src/main/AndroidManifest.xml:50:13-30
77
78        <service
78-->[:firebase_storage] AndroidManifest.xml:8:9-12:19
79            android:name="com.google.firebase.components.ComponentDiscoveryService"
79-->[:firebase_storage] AndroidManifest.xml:8:18-89
80            android:directBootAware="true"
80-->[com.google.firebase:firebase-common:19.3.0] AndroidManifest.xml:34:13-43
81            android:exported="false" >
81-->[com.google.firebase:firebase-firestore:21.3.0] AndroidManifest.xml:19:13-37
82            <meta-data
82-->[:firebase_storage] AndroidManifest.xml:9:13-11:85
83                android:name="com.google.firebase.components:io.flutter.plugins.firebase.storage.FlutterFirebaseAppRegistrar"
83-->[:firebase_storage] AndroidManifest.xml:10:17-126
84                android:value="com.google.firebase.components.ComponentRegistrar" />
84-->[:firebase_storage] AndroidManifest.xml:11:17-82
85            <meta-data
85-->[:cloud_firestore] AndroidManifest.xml:9:13-11:85
86                android:name="com.google.firebase.components:io.flutter.plugins.firebase.cloudfirestore.FlutterFirebaseAppRegistrar"
86-->[:cloud_firestore] AndroidManifest.xml:10:17-133
87                android:value="com.google.firebase.components.ComponentRegistrar" />
87-->[:cloud_firestore] AndroidManifest.xml:11:17-82
88            <meta-data
88-->[:firebase_auth] AndroidManifest.xml:9:13-11:85
89                android:name="com.google.firebase.components:io.flutter.plugins.firebaseauth.FlutterFirebaseAppRegistrar"
89-->[:firebase_auth] AndroidManifest.xml:10:17-122
90                android:value="com.google.firebase.components.ComponentRegistrar" />
90-->[:firebase_auth] AndroidManifest.xml:11:17-82
91            <meta-data
91-->[:firebase_core] AndroidManifest.xml:9:13-11:85
92                android:name="com.google.firebase.components:io.flutter.plugins.firebase.core.FlutterFirebaseAppRegistrar"
92-->[:firebase_core] AndroidManifest.xml:10:17-123
93                android:value="com.google.firebase.components.ComponentRegistrar" />
93-->[:firebase_core] AndroidManifest.xml:11:17-82
94            <meta-data
94-->[com.google.firebase:firebase-storage:17.0.0] AndroidManifest.xml:31:13-33:85
95                android:name="com.google.firebase.components:com.google.firebase.storage.StorageRegistrar"
95-->[com.google.firebase:firebase-storage:17.0.0] AndroidManifest.xml:32:17-107
96                android:value="com.google.firebase.components.ComponentRegistrar" />
96-->[com.google.firebase:firebase-storage:17.0.0] AndroidManifest.xml:33:17-82
97            <meta-data
97-->[com.google.firebase:firebase-firestore:21.3.0] AndroidManifest.xml:20:13-22:85
98                android:name="com.google.firebase.components:com.google.firebase.firestore.FirestoreRegistrar"
98-->[com.google.firebase:firebase-firestore:21.3.0] AndroidManifest.xml:21:17-111
99                android:value="com.google.firebase.components.ComponentRegistrar" />
99-->[com.google.firebase:firebase-firestore:21.3.0] AndroidManifest.xml:22:17-82
100            <meta-data
100-->[com.google.firebase:firebase-auth:17.0.0] AndroidManifest.xml:36:13-38:85
101                android:name="com.google.firebase.components:com.google.firebase.auth.FirebaseAuthRegistrar"
101-->[com.google.firebase:firebase-auth:17.0.0] AndroidManifest.xml:37:17-109
102                android:value="com.google.firebase.components.ComponentRegistrar" />
102-->[com.google.firebase:firebase-auth:17.0.0] AndroidManifest.xml:38:17-82
103        </service>
104
105        <provider
105-->[:image_picker] AndroidManifest.xml:11:9-19:20
106            android:name="io.flutter.plugins.imagepicker.ImagePickerFileProvider"
106-->[:image_picker] AndroidManifest.xml:12:13-82
107            android:authorities="com.example.thejointapp.flutter.image_provider"
107-->[:image_picker] AndroidManifest.xml:13:13-74
108            android:exported="false"
108-->[:image_picker] AndroidManifest.xml:14:13-37
109            android:grantUriPermissions="true" >
109-->[:image_picker] AndroidManifest.xml:15:13-47
110            <meta-data
110-->[:image_picker] AndroidManifest.xml:16:13-18:75
111                android:name="android.support.FILE_PROVIDER_PATHS"
111-->[:image_picker] AndroidManifest.xml:17:17-67
112                android:resource="@xml/flutter_image_picker_file_paths" />
112-->[:image_picker] AndroidManifest.xml:18:17-72
113        </provider>
114
115        <activity
115-->[com.google.android.gms:play-services-auth:16.0.1] AndroidManifest.xml:23:9-27:75
116            android:name="com.google.android.gms.auth.api.signin.internal.SignInHubActivity"
116-->[com.google.android.gms:play-services-auth:16.0.1] AndroidManifest.xml:24:13-93
117            android:excludeFromRecents="true"
117-->[com.google.android.gms:play-services-auth:16.0.1] AndroidManifest.xml:25:13-46
118            android:exported="false"
118-->[com.google.android.gms:play-services-auth:16.0.1] AndroidManifest.xml:26:13-37
119            android:theme="@android:style/Theme.Translucent.NoTitleBar" />
119-->[com.google.android.gms:play-services-auth:16.0.1] AndroidManifest.xml:27:13-72
120        <!--
121            Service handling Google Sign-In user revocation. For apps that do not integrate with
122            Google Sign-In, this service will never be started.
123        -->
124        <service
124-->[com.google.android.gms:play-services-auth:16.0.1] AndroidManifest.xml:33:9-36:110
125            android:name="com.google.android.gms.auth.api.signin.RevocationBoundService"
125-->[com.google.android.gms:play-services-auth:16.0.1] AndroidManifest.xml:34:13-89
126            android:exported="true"
126-->[com.google.android.gms:play-services-auth:16.0.1] AndroidManifest.xml:35:13-36
127            android:permission="com.google.android.gms.auth.api.signin.permission.REVOCATION_NOTIFICATION" />
127-->[com.google.android.gms:play-services-auth:16.0.1] AndroidManifest.xml:36:13-107
128
129        <activity
129-->[com.google.firebase:firebase-auth:17.0.0] AndroidManifest.xml:24:9-31:50
130            android:name="com.google.firebase.auth.internal.FederatedSignInActivity"
130-->[com.google.firebase:firebase-auth:17.0.0] AndroidManifest.xml:25:13-85
131            android:excludeFromRecents="true"
131-->[com.google.firebase:firebase-auth:17.0.0] AndroidManifest.xml:26:13-46
132            android:exported="true"
132-->[com.google.firebase:firebase-auth:17.0.0] AndroidManifest.xml:27:13-36
133            android:launchMode="singleTask"
133-->[com.google.firebase:firebase-auth:17.0.0] AndroidManifest.xml:28:13-44
134            android:permission="com.google.firebase.auth.api.gms.permission.LAUNCH_FEDERATED_SIGN_IN"
134-->[com.google.firebase:firebase-auth:17.0.0] AndroidManifest.xml:29:13-102
135            android:theme="@android:style/Theme.Translucent.NoTitleBar" />
135-->[com.google.firebase:firebase-auth:17.0.0] AndroidManifest.xml:30:13-72
136
137        <provider
137-->[com.google.firebase:firebase-common:19.3.0] AndroidManifest.xml:26:9-30:39
138            android:name="com.google.firebase.provider.FirebaseInitProvider"
138-->[com.google.firebase:firebase-common:19.3.0] AndroidManifest.xml:27:13-77
139            android:authorities="com.example.thejointapp.firebaseinitprovider"
139-->[com.google.firebase:firebase-common:19.3.0] AndroidManifest.xml:28:13-72
140            android:exported="false"
140-->[com.google.firebase:firebase-common:19.3.0] AndroidManifest.xml:29:13-37
141            android:initOrder="100" />
141-->[com.google.firebase:firebase-common:19.3.0] AndroidManifest.xml:30:13-36
142
143        <activity
143-->[com.google.android.gms:play-services-base:17.0.0] AndroidManifest.xml:23:9-26:75
144            android:name="com.google.android.gms.common.api.GoogleApiActivity"
144-->[com.google.android.gms:play-services-base:17.0.0] AndroidManifest.xml:24:13-79
145            android:exported="false"
145-->[com.google.android.gms:play-services-base:17.0.0] AndroidManifest.xml:25:13-37
146            android:theme="@android:style/Theme.Translucent.NoTitleBar" />
146-->[com.google.android.gms:play-services-base:17.0.0] AndroidManifest.xml:26:13-72
147
148        <meta-data
148-->[com.google.android.gms:play-services-basement:17.0.0] AndroidManifest.xml:23:9-25:69
149            android:name="com.google.android.gms.version"
149-->[com.google.android.gms:play-services-basement:17.0.0] AndroidManifest.xml:24:13-58
150            android:value="@integer/google_play_services_version" />
150-->[com.google.android.gms:play-services-basement:17.0.0] AndroidManifest.xml:25:13-66
151    </application>
152
153</manifest>